[13:0:13.528] Global cache location '/Users/gavinross/Library/Caches/typescript/3.5', safe file path '/users/gavinross/programming/angular/angular-tour-of-heros/node_modules/typescript/lib/typingsafelist.json', types map path /users/gavinross/programming/angular/angular-tour-of-heros/node_modules/typescript/lib/typesmap.json
[13:0:13.531] Processing cache location '/Users/gavinross/Library/Caches/typescript/3.5'
[13:0:13.531] Trying to find '/Users/gavinross/Library/Caches/typescript/3.5/package.json'...
[13:0:13.572] Loaded content of '/Users/gavinross/Library/Caches/typescript/3.5/package.json': {"private":true,"dependencies":{"types-registry":"^0.1.462"},"devDependencies":{"@types/ansi-styles":"^3.2.1","@types/async":"^3.0.0","@types/atob":"^2.1.2","@types/babel-core":"^6.25.6","@types/bcryptjs":"^2.4.2","@types/body-parser":"^1.17.0","@types/concurrently":"^4.1.0","@types/d":"^1.0.0","@types/diff":"^4.0.2","@types/eslint":"^4.16.6","@types/express":"^4.17.0","@types/http-server":"^0.10.0","@types/jest-diff":"^20.0.1","@types/jest-get-type":"^21.0.1","@types/jquery":"^3.3.30","@types/loglevel":"^1.5.4","@types/mongoose":"^5.5.6","@types/morgan":"^1.7.35","@types/node":"^12.0.12","@types/object-hash":"^1.3.0","@types/pretty-format":"^20.0.1","@types/progress":"^2.0.3","@types/qs":"^6.5.3","@types/react":"^16.8.23","@types/react-dom":"^16.8.4","@types/sprintf":"^0.1.0","@types/tryer":"^1.0.1","@types/url-join":"^4.0.0"}}
[13:0:13.573] Loaded content of '/Users/gavinross/Library/Caches/typescript/3.5/package-lock.json'
[13:0:13.608] Adding entry into typings cache: 'ansi-styles' => '/Users/gavinross/Library/Caches/typescript/3.5/node_modules/@types/ansi-styles/index.d.ts'
[13:0:13.614] Adding entry into typings cache: 'async' => '/Users/gavinross/Library/Caches/typescript/3.5/node_modules/@types/async/index.d.ts'
[13:0:13.618] Adding entry into typings cache: 'atob' => '/Users/gavinross/Library/Caches/typescript/3.5/node_modules/@types/atob/index.d.ts'
[13:0:13.625] Adding entry into typings cache: 'babel-core' => '/Users/gavinross/Library/Caches/typescript/3.5/node_modules/@types/babel-core/index.d.ts'
[13:0:13.630] Adding entry into typings cache: 'bcryptjs' => '/Users/gavinross/Library/Caches/typescript/3.5/node_modules/@types/bcryptjs/index.d.ts'
[13:0:13.638] Adding entry into typings cache: 'body-parser' => '/Users/gavinross/Library/Caches/typescript/3.5/node_modules/@types/body-parser/index.d.ts'
[13:0:13.641] Adding entry into typings cache: 'concurrently' => '/Users/gavinross/Library/Caches/typescript/3.5/node_modules/@types/concurrently/index.d.ts'
[13:0:13.648] Adding entry into typings cache: 'd' => '/Users/gavinross/Library/Caches/typescript/3.5/node_modules/@types/d/index.d.ts'
[13:0:13.653] Adding entry into typings cache: 'diff' => '/Users/gavinross/Library/Caches/typescript/3.5/node_modules/@types/diff/index.d.ts'
[13:0:13.657] Adding entry into typings cache: 'eslint' => '/Users/gavinross/Library/Caches/typescript/3.5/node_modules/@types/eslint/index.d.ts'
[13:0:13.660] Adding entry into typings cache: 'express' => '/Users/gavinross/Library/Caches/typescript/3.5/node_modules/@types/express/index.d.ts'
[13:0:13.663] Adding entry into typings cache: 'http-server' => '/Users/gavinross/Library/Caches/typescript/3.5/node_modules/@types/http-server/index.d.ts'
[13:0:13.668] Adding entry into typings cache: 'jest-diff' => '/Users/gavinross/Library/Caches/typescript/3.5/node_modules/@types/jest-diff/index.d.ts'
[13:0:13.672] Adding entry into typings cache: 'jest-get-type' => '/Users/gavinross/Library/Caches/typescript/3.5/node_modules/@types/jest-get-type/index.d.ts'
[13:0:13.697] Adding entry into typings cache: 'jquery' => '/Users/gavinross/Library/Caches/typescript/3.5/node_modules/@types/jquery/index.d.ts'
[13:0:13.707] Adding entry into typings cache: 'loglevel' => '/Users/gavinross/Library/Caches/typescript/3.5/node_modules/@types/loglevel/index.d.ts'
[13:0:13.712] Adding entry into typings cache: 'mongoose' => '/Users/gavinross/Library/Caches/typescript/3.5/node_modules/@types/mongoose/index.d.ts'
[13:0:13.730] Adding entry into typings cache: 'morgan' => '/Users/gavinross/Library/Caches/typescript/3.5/node_modules/@types/morgan/index.d.ts'
[13:0:13.795] Adding entry into typings cache: 'node' => '/Users/gavinross/Library/Caches/typescript/3.5/node_modules/@types/node/ts3.2/index.d.ts'
[13:0:13.841] Adding entry into typings cache: 'object-hash' => '/Users/gavinross/Library/Caches/typescript/3.5/node_modules/@types/object-hash/index.d.ts'
[13:0:13.851] Adding entry into typings cache: 'pretty-format' => '/Users/gavinross/Library/Caches/typescript/3.5/node_modules/@types/pretty-format/index.d.ts'
[13:0:13.864] Adding entry into typings cache: 'progress' => '/Users/gavinross/Library/Caches/typescript/3.5/node_modules/@types/progress/index.d.ts'
[13:0:13.868] Adding entry into typings cache: 'qs' => '/Users/gavinross/Library/Caches/typescript/3.5/node_modules/@types/qs/index.d.ts'
[13:0:13.881] Adding entry into typings cache: 'react' => '/Users/gavinross/Library/Caches/typescript/3.5/node_modules/@types/react/index.d.ts'
[13:0:13.887] Adding entry into typings cache: 'react-dom' => '/Users/gavinross/Library/Caches/typescript/3.5/node_modules/@types/react-dom/index.d.ts'
[13:0:13.892] Adding entry into typings cache: 'sprintf' => '/Users/gavinross/Library/Caches/typescript/3.5/node_modules/@types/sprintf/index.d.ts'
[13:0:13.898] Adding entry into typings cache: 'tryer' => '/Users/gavinross/Library/Caches/typescript/3.5/node_modules/@types/tryer/index.d.ts'
[13:0:13.924] Adding entry into typings cache: 'url-join' => '/Users/gavinross/Library/Caches/typescript/3.5/node_modules/@types/url-join/index.d.ts'
[13:0:13.924] Finished processing cache location '/Users/gavinross/Library/Caches/typescript/3.5'
[13:0:13.925] Process id: 87234
[13:0:13.925] NPM location: /usr/local/Cellar/node/12.6.0/bin/npm (explicit '--npmLocation' not  provided)
[13:0:13.925] validateDefaultNpmLocation: false
[13:0:13.925] Npm config file: /Users/gavinross/Library/Caches/typescript/3.5/package.json
[13:0:13.925] Updating types-registry npm package...
[13:0:13.926] Exec: /usr/local/Cellar/node/12.6.0/bin/npm install --ignore-scripts types-registry@latest
[13:0:13.940]     Failed. stdout:
    
    stderr:
    /bin/sh: /usr/local/Cellar/node/12.6.0/bin/npm: No such file or directory
    
[13:0:13.940] Updated types-registry npm package
[13:16:15.187] Got install request {"projectName":"/dev/null/inferredProject1*","fileNames":[],"compilerOptions":{"target":1,"jsx":1,"allowNonTsExtensions":true,"allowJs":true,"noEmitForJsFiles":true},"typeAcquisition":{"enable":true,"include":[],"exclude":[]},"unresolvedImports":[],"projectRootPath":"/users/gavinross/programming/angular/angular-tour-of-heros/src/app","kind":"discover"}
[13:16:15.236] Loaded safelist from types map file '/users/gavinross/programming/angular/angular-tour-of-heros/node_modules/typescript/lib/typesmap.json'
[13:16:15.237] Explicitly included types: []
[13:16:15.238] Inferred typings from unresolved imports: []
[13:16:15.239] Result: {"cachedTypingPaths":[],"newTypingNames":[],"filesToWatch":["/users/gavinross/programming/angular/angular-tour-of-heros/src/app/bower_components","/users/gavinross/programming/angular/angular-tour-of-heros/src/app/node_modules"]}
[13:16:15.239] Finished typings discovery: {"cachedTypingPaths":[],"newTypingNames":[],"filesToWatch":["/users/gavinross/programming/angular/angular-tour-of-heros/src/app/bower_components","/users/gavinross/programming/angular/angular-tour-of-heros/src/app/node_modules"]}
[13:16:15.239] DirectoryWatcher:: Added:: WatchInfo: /users/gavinross/programming/angular/angular-tour-of-heros/src/app/bower_components
[13:16:15.241] DirectoryWatcher:: Added:: WatchInfo: /users/gavinross/programming/angular/angular-tour-of-heros/src/app/node_modules
[13:16:15.242] Sending response:
    {"projectName":"/dev/null/inferredProject1*","typeAcquisition":{"enable":true,"include":[],"exclude":[]},"compilerOptions":{"target":1,"jsx":1,"allowNonTsExtensions":true,"allowJs":true,"noEmitForJsFiles":true},"typings":[],"unresolvedImports":[],"kind":"action::set"}
[13:16:15.243] Response has been sent.
[13:16:15.244] No new typings were requested as a result of typings discovery
[13:47:44.760] Got install request {"projectName":"/dev/null/inferredProject2*","fileNames":[],"compilerOptions":{"target":1,"jsx":1,"allowNonTsExtensions":true,"allowJs":true,"noEmitForJsFiles":true},"typeAcquisition":{"enable":true,"include":[],"exclude":[]},"unresolvedImports":[],"projectRootPath":"/users/gavinross/programming/angular/angular-tour-of-heros/src/app","kind":"discover"}
[13:47:44.761] Explicitly included types: []
[13:47:44.762] Inferred typings from unresolved imports: []
[13:47:44.762] Result: {"cachedTypingPaths":[],"newTypingNames":[],"filesToWatch":["/users/gavinross/programming/angular/angular-tour-of-heros/src/app/bower_components","/users/gavinross/programming/angular/angular-tour-of-heros/src/app/node_modules"]}
[13:47:44.763] Finished typings discovery: {"cachedTypingPaths":[],"newTypingNames":[],"filesToWatch":["/users/gavinross/programming/angular/angular-tour-of-heros/src/app/bower_components","/users/gavinross/programming/angular/angular-tour-of-heros/src/app/node_modules"]}
[13:47:44.763] DirectoryWatcher:: Added:: WatchInfo: /users/gavinross/programming/angular/angular-tour-of-heros/src/app/bower_components
[13:47:44.763] DirectoryWatcher:: Added:: WatchInfo: /users/gavinross/programming/angular/angular-tour-of-heros/src/app/node_modules
[13:47:44.764] Sending response:
    {"projectName":"/dev/null/inferredProject2*","typeAcquisition":{"enable":true,"include":[],"exclude":[]},"compilerOptions":{"target":1,"jsx":1,"allowNonTsExtensions":true,"allowJs":true,"noEmitForJsFiles":true},"typings":[],"unresolvedImports":[],"kind":"action::set"}
[13:47:44.764] Response has been sent.
[13:47:44.764] No new typings were requested as a result of typings discovery
