[20:9:18.491] Global cache location '/Users/gavinross/Library/Caches/typescript/3.5', safe file path '/users/gavinross/programming/angular/angular-tour-of-heros/node_modules/typescript/lib/typingsafelist.json', types map path /users/gavinross/programming/angular/angular-tour-of-heros/node_modules/typescript/lib/typesmap.json
[20:9:18.493] Processing cache location '/Users/gavinross/Library/Caches/typescript/3.5'
[20:9:18.493] Trying to find '/Users/gavinross/Library/Caches/typescript/3.5/package.json'...
[20:9:18.544] Loaded content of '/Users/gavinross/Library/Caches/typescript/3.5/package.json': {"private":true,"dependencies":{"types-registry":"^0.1.462"},"devDependencies":{"@types/ansi-styles":"^3.2.1","@types/async":"^3.0.0","@types/atob":"^2.1.2","@types/babel-core":"^6.25.6","@types/bcryptjs":"^2.4.2","@types/body-parser":"^1.17.0","@types/concurrently":"^4.1.0","@types/d":"^1.0.0","@types/diff":"^4.0.2","@types/eslint":"^4.16.6","@types/express":"^4.17.0","@types/http-server":"^0.10.0","@types/jest-diff":"^20.0.1","@types/jest-get-type":"^21.0.1","@types/jquery":"^3.3.30","@types/loglevel":"^1.5.4","@types/mongoose":"^5.5.6","@types/morgan":"^1.7.35","@types/node":"^12.0.12","@types/object-hash":"^1.3.0","@types/pretty-format":"^20.0.1","@types/progress":"^2.0.3","@types/qs":"^6.5.3","@types/react":"^16.8.23","@types/react-dom":"^16.8.4","@types/sprintf":"^0.1.0","@types/tryer":"^1.0.1","@types/url-join":"^4.0.0"}}
[20:9:18.544] Loaded content of '/Users/gavinross/Library/Caches/typescript/3.5/package-lock.json'
[20:9:18.561] Adding entry into typings cache: 'ansi-styles' => '/Users/gavinross/Library/Caches/typescript/3.5/node_modules/@types/ansi-styles/index.d.ts'
[20:9:18.567] Adding entry into typings cache: 'async' => '/Users/gavinross/Library/Caches/typescript/3.5/node_modules/@types/async/index.d.ts'
[20:9:18.573] Adding entry into typings cache: 'atob' => '/Users/gavinross/Library/Caches/typescript/3.5/node_modules/@types/atob/index.d.ts'
[20:9:18.615] Adding entry into typings cache: 'babel-core' => '/Users/gavinross/Library/Caches/typescript/3.5/node_modules/@types/babel-core/index.d.ts'
[20:9:18.631] Adding entry into typings cache: 'bcryptjs' => '/Users/gavinross/Library/Caches/typescript/3.5/node_modules/@types/bcryptjs/index.d.ts'
[20:9:18.642] Adding entry into typings cache: 'body-parser' => '/Users/gavinross/Library/Caches/typescript/3.5/node_modules/@types/body-parser/index.d.ts'
[20:9:18.648] Adding entry into typings cache: 'concurrently' => '/Users/gavinross/Library/Caches/typescript/3.5/node_modules/@types/concurrently/index.d.ts'
[20:9:18.654] Adding entry into typings cache: 'd' => '/Users/gavinross/Library/Caches/typescript/3.5/node_modules/@types/d/index.d.ts'
[20:9:18.659] Adding entry into typings cache: 'diff' => '/Users/gavinross/Library/Caches/typescript/3.5/node_modules/@types/diff/index.d.ts'
[20:9:18.665] Adding entry into typings cache: 'eslint' => '/Users/gavinross/Library/Caches/typescript/3.5/node_modules/@types/eslint/index.d.ts'
[20:9:18.668] Adding entry into typings cache: 'express' => '/Users/gavinross/Library/Caches/typescript/3.5/node_modules/@types/express/index.d.ts'
[20:9:18.671] Adding entry into typings cache: 'http-server' => '/Users/gavinross/Library/Caches/typescript/3.5/node_modules/@types/http-server/index.d.ts'
[20:9:18.677] Adding entry into typings cache: 'jest-diff' => '/Users/gavinross/Library/Caches/typescript/3.5/node_modules/@types/jest-diff/index.d.ts'
[20:9:18.685] Adding entry into typings cache: 'jest-get-type' => '/Users/gavinross/Library/Caches/typescript/3.5/node_modules/@types/jest-get-type/index.d.ts'
[20:9:18.693] Adding entry into typings cache: 'jquery' => '/Users/gavinross/Library/Caches/typescript/3.5/node_modules/@types/jquery/index.d.ts'
[20:9:18.701] Adding entry into typings cache: 'loglevel' => '/Users/gavinross/Library/Caches/typescript/3.5/node_modules/@types/loglevel/index.d.ts'
[20:9:18.705] Adding entry into typings cache: 'mongoose' => '/Users/gavinross/Library/Caches/typescript/3.5/node_modules/@types/mongoose/index.d.ts'
[20:9:18.708] Adding entry into typings cache: 'morgan' => '/Users/gavinross/Library/Caches/typescript/3.5/node_modules/@types/morgan/index.d.ts'
[20:9:18.758] Adding entry into typings cache: 'node' => '/Users/gavinross/Library/Caches/typescript/3.5/node_modules/@types/node/ts3.2/index.d.ts'
[20:9:18.764] Adding entry into typings cache: 'object-hash' => '/Users/gavinross/Library/Caches/typescript/3.5/node_modules/@types/object-hash/index.d.ts'
[20:9:18.767] Adding entry into typings cache: 'pretty-format' => '/Users/gavinross/Library/Caches/typescript/3.5/node_modules/@types/pretty-format/index.d.ts'
[20:9:18.770] Adding entry into typings cache: 'progress' => '/Users/gavinross/Library/Caches/typescript/3.5/node_modules/@types/progress/index.d.ts'
[20:9:18.774] Adding entry into typings cache: 'qs' => '/Users/gavinross/Library/Caches/typescript/3.5/node_modules/@types/qs/index.d.ts'
[20:9:18.779] Adding entry into typings cache: 'react' => '/Users/gavinross/Library/Caches/typescript/3.5/node_modules/@types/react/index.d.ts'
[20:9:18.784] Adding entry into typings cache: 'react-dom' => '/Users/gavinross/Library/Caches/typescript/3.5/node_modules/@types/react-dom/index.d.ts'
[20:9:18.787] Adding entry into typings cache: 'sprintf' => '/Users/gavinross/Library/Caches/typescript/3.5/node_modules/@types/sprintf/index.d.ts'
[20:9:18.792] Adding entry into typings cache: 'tryer' => '/Users/gavinross/Library/Caches/typescript/3.5/node_modules/@types/tryer/index.d.ts'
[20:9:18.795] Adding entry into typings cache: 'url-join' => '/Users/gavinross/Library/Caches/typescript/3.5/node_modules/@types/url-join/index.d.ts'
[20:9:18.795] Finished processing cache location '/Users/gavinross/Library/Caches/typescript/3.5'
[20:9:18.796] Process id: 89384
[20:9:18.796] NPM location: /usr/local/Cellar/node/12.6.0/bin/npm (explicit '--npmLocation' not  provided)
[20:9:18.796] validateDefaultNpmLocation: false
[20:9:18.796] Npm config file: /Users/gavinross/Library/Caches/typescript/3.5/package.json
[20:9:18.796] Updating types-registry npm package...
[20:9:18.796] Exec: /usr/local/Cellar/node/12.6.0/bin/npm install --ignore-scripts types-registry@latest
[20:9:18.807]     Failed. stdout:
    
    stderr:
    /bin/sh: /usr/local/Cellar/node/12.6.0/bin/npm: No such file or directory
    
[20:9:18.807] Updated types-registry npm package
